0:0:0:0:0:0:0:1 - - [30/Oct/2017:17:21:47 -0200] "GET / HTTP/1.1" 500 374
0:0:0:0:0:0:0:1 - - [30/Oct/2017:17:22:50 -0200] "GET / HTTP/1.1" 200 1425
0:0:0:0:0:0:0:1 - - [30/Oct/2017:17:22:50 -0200] "GET /css/styles.css HTTP/1.1" 200 166
0:0:0:0:0:0:0:1 - - [30/Oct/2017:17:22:50 -0200] "GET /js/app.js?v=20171030 HTTP/1.1" 200 1207
0:0:0:0:0:0:0:1 - - [30/Oct/2017:17:22:50 -0200] "GET /css/globals.css HTTP/1.1" 200 180
0:0:0:0:0:0:0:1 - - [30/Oct/2017:17:22:50 -0200] "GET /css/main.css HTTP/1.1" 200 1335
0:0:0:0:0:0:0:1 - - [30/Oct/2017:17:22:50 -0200] "GET /css/navigation.css HTTP/1.1" 200 161
0:0:0:0:0:0:0:1 - - [30/Oct/2017:17:22:50 -0200] "GET /css/footer.css HTTP/1.1" 200 227
0:0:0:0:0:0:0:1 - - [30/Oct/2017:17:22:50 -0200] "GET /images/favicon.ico HTTP/1.1" 200 7849
0:0:0:0:0:0:0:1 - - [30/Oct/2017:17:25:23 -0200] "POST /api/structure/urls HTTP/1.1" 201 199
0:0:0:0:0:0:0:1 - - [30/Oct/2017:17:25:35 -0200] "GET /AJJpaHs HTTP/1.1" 302 -
0:0:0:0:0:0:0:1 - - [30/Oct/2017:17:29:24 -0200] "GET / HTTP/1.1" 200 1425
0:0:0:0:0:0:0:1 - - [30/Oct/2017:17:29:24 -0200] "GET /images/favicon.ico HTTP/1.1" 200 7849
0:0:0:0:0:0:0:1 - - [30/Oct/2017:17:29:57 -0200] "GET / HTTP/1.1" 200 1425
0:0:0:0:0:0:0:1 - - [30/Oct/2017:17:31:01 -0200] "GET / HTTP/1.1" 200 1425
0:0:0:0:0:0:0:1 - - [30/Oct/2017:17:31:01 -0200] "GET /css/styles.css HTTP/1.1" 200 166
0:0:0:0:0:0:0:1 - - [30/Oct/2017:17:31:01 -0200] "GET /js/app.js?v=20171030 HTTP/1.1" 200 1207
0:0:0:0:0:0:0:1 - - [30/Oct/2017:17:31:01 -0200] "GET /css/globals.css HTTP/1.1" 200 180
0:0:0:0:0:0:0:1 - - [30/Oct/2017:17:31:01 -0200] "GET /css/navigation.css HTTP/1.1" 200 161
0:0:0:0:0:0:0:1 - - [30/Oct/2017:17:31:01 -0200] "GET /css/main.css HTTP/1.1" 200 1335
0:0:0:0:0:0:0:1 - - [30/Oct/2017:17:31:01 -0200] "GET /css/footer.css HTTP/1.1" 200 227
0:0:0:0:0:0:0:1 - - [30/Oct/2017:17:41:47 -0200] "GET / HTTP/1.1" 200 1425
0:0:0:0:0:0:0:1 - - [30/Oct/2017:19:43:39 -0200] "GET / HTTP/1.1" 500 373
0:0:0:0:0:0:0:1 - - [30/Oct/2017:19:43:39 -0200] "GET /favicon.ico HTTP/1.1" 500 212
0:0:0:0:0:0:0:1 - - [30/Oct/2017:19:45:00 -0200] "GET / HTTP/1.1" 500 373
0:0:0:0:0:0:0:1 - - [30/Oct/2017:19:45:00 -0200] "GET /favicon.ico HTTP/1.1" 500 212
0:0:0:0:0:0:0:1 - - [30/Oct/2017:19:46:21 -0200] "GET / HTTP/1.1" 500 374
0:0:0:0:0:0:0:1 - - [30/Oct/2017:19:46:21 -0200] "GET /favicon.ico HTTP/1.1" 500 212
0:0:0:0:0:0:0:1 - - [30/Oct/2017:19:47:28 -0200] "GET / HTTP/1.1" 500 374
0:0:0:0:0:0:0:1 - - [30/Oct/2017:19:47:29 -0200] "GET /favicon.ico HTTP/1.1" 500 212
0:0:0:0:0:0:0:1 - - [30/Oct/2017:19:48:17 -0200] "GET / HTTP/1.1" 200 5829
0:0:0:0:0:0:0:1 - - [30/Oct/2017:19:48:17 -0200] "GET /css/form-elements.css HTTP/1.1" 200 2305
0:0:0:0:0:0:0:1 - - [30/Oct/2017:19:48:17 -0200] "GET /font-awesome/css/font-awesome.min.css HTTP/1.1" 200 23739
0:0:0:0:0:0:0:1 - - [30/Oct/2017:19:48:17 -0200] "GET /css/style.css HTTP/1.1" 200 5264
0:0:0:0:0:0:0:1 - - [30/Oct/2017:19:48:17 -0200] "GET /bootstrap/js/bootstrap.min.js?v=20171030 HTTP/1.1" 200 35452
0:0:0:0:0:0:0:1 - - [30/Oct/2017:19:48:17 -0200] "GET /js/jquery-1.11.1.min.js?v=20171030 HTTP/1.1" 200 95786
0:0:0:0:0:0:0:1 - - [30/Oct/2017:19:48:17 -0200] "GET /bootstrap/css/bootstrap.min.css HTTP/1.1" 200 117150
0:0:0:0:0:0:0:1 - - [30/Oct/2017:19:48:17 -0200] "GET /js/jquery.backstretch.min.js?v=20171030 HTTP/1.1" 200 4233
0:0:0:0:0:0:0:1 - - [30/Oct/2017:19:48:17 -0200] "GET /js/retina-1.1.0.min.js?v=20171030 HTTP/1.1" 200 2993
0:0:0:0:0:0:0:1 - - [30/Oct/2017:19:48:17 -0200] "GET /js/scripts.js?v=20171030 HTTP/1.1" 200 1075
0:0:0:0:0:0:0:1 - - [30/Oct/2017:19:48:17 -0200] "GET /font-awesome/fonts/fontawesome-webfont.woff2?v=4.3.0 HTTP/1.1" 200 56780
0:0:0:0:0:0:0:1 - - [30/Oct/2017:19:48:17 -0200] "GET /img/logo.png HTTP/1.1" 404 127
0:0:0:0:0:0:0:1 - - [30/Oct/2017:19:48:17 -0200] "GET /assets/img/backgrounds/2.jpg HTTP/1.1" 404 143
0:0:0:0:0:0:0:1 - - [30/Oct/2017:19:48:17 -0200] "GET /assets/img/backgrounds/3.jpg HTTP/1.1" 404 143
0:0:0:0:0:0:0:1 - - [30/Oct/2017:19:48:17 -0200] "GET /assets/img/backgrounds/1.jpg HTTP/1.1" 404 143
0:0:0:0:0:0:0:1 - - [30/Oct/2017:19:48:17 -0200] "GET /favicon.ico HTTP/1.1" 404 5829
0:0:0:0:0:0:0:1 - - [30/Oct/2017:19:49:47 -0200] "GET / HTTP/1.1" 200 5774
0:0:0:0:0:0:0:1 - - [30/Oct/2017:19:49:47 -0200] "GET /js/retina-1.1.0.min.js HTTP/1.1" 200 2993
0:0:0:0:0:0:0:1 - - [30/Oct/2017:19:49:47 -0200] "GET /js/jquery.backstretch.min.js HTTP/1.1" 200 4233
0:0:0:0:0:0:0:1 - - [30/Oct/2017:19:49:47 -0200] "GET /js/scripts.js HTTP/1.1" 200 1075
0:0:0:0:0:0:0:1 - - [30/Oct/2017:19:49:47 -0200] "GET /bootstrap/js/bootstrap.min.js HTTP/1.1" 200 35452
0:0:0:0:0:0:0:1 - - [30/Oct/2017:19:49:47 -0200] "GET /js/jquery-1.11.1.min.js HTTP/1.1" 200 95786
0:0:0:0:0:0:0:1 - - [30/Oct/2017:19:49:47 -0200] "GET /img/logo.png HTTP/1.1" 404 127
0:0:0:0:0:0:0:1 - - [30/Oct/2017:19:49:47 -0200] "GET /assets/img/backgrounds/2.jpg HTTP/1.1" 404 143
0:0:0:0:0:0:0:1 - - [30/Oct/2017:19:49:47 -0200] "GET /assets/img/backgrounds/1.jpg HTTP/1.1" 404 143
0:0:0:0:0:0:0:1 - - [30/Oct/2017:19:49:47 -0200] "GET /assets/img/backgrounds/3.jpg HTTP/1.1" 404 143
0:0:0:0:0:0:0:1 - - [30/Oct/2017:19:52:21 -0200] "GET / HTTP/1.1" 200 5774
0:0:0:0:0:0:0:1 - - [30/Oct/2017:19:52:21 -0200] "GET /img/logo.png HTTP/1.1" 404 127
0:0:0:0:0:0:0:1 - - [30/Oct/2017:19:52:21 -0200] "GET /assets/img/backgrounds/2.jpg HTTP/1.1" 404 143
0:0:0:0:0:0:0:1 - - [30/Oct/2017:19:52:21 -0200] "GET /assets/img/backgrounds/1.jpg HTTP/1.1" 404 143
0:0:0:0:0:0:0:1 - - [30/Oct/2017:19:52:21 -0200] "GET /assets/img/backgrounds/3.jpg HTTP/1.1" 404 143
0:0:0:0:0:0:0:1 - - [30/Oct/2017:19:54:45 -0200] "GET / HTTP/1.1" 200 5774
0:0:0:0:0:0:0:1 - - [30/Oct/2017:19:54:45 -0200] "GET /img/logo.png HTTP/1.1" 404 127
0:0:0:0:0:0:0:1 - - [30/Oct/2017:19:54:45 -0200] "GET /assets/img/backgrounds/1.jpg HTTP/1.1" 404 143
0:0:0:0:0:0:0:1 - - [30/Oct/2017:19:54:45 -0200] "GET /assets/img/backgrounds/3.jpg HTTP/1.1" 404 143
0:0:0:0:0:0:0:1 - - [30/Oct/2017:19:54:45 -0200] "GET /assets/img/backgrounds/2.jpg HTTP/1.1" 404 143
0:0:0:0:0:0:0:1 - - [30/Oct/2017:19:56:53 -0200] "GET / HTTP/1.1" 200 5933
0:0:0:0:0:0:0:1 - - [30/Oct/2017:19:56:54 -0200] "GET /assets/img/backgrounds/3.jpg HTTP/1.1" 404 143
0:0:0:0:0:0:0:1 - - [30/Oct/2017:19:56:54 -0200] "GET /img/logo.png HTTP/1.1" 404 127
0:0:0:0:0:0:0:1 - - [30/Oct/2017:19:56:54 -0200] "GET /assets/img/backgrounds/2.jpg HTTP/1.1" 404 143
0:0:0:0:0:0:0:1 - - [30/Oct/2017:19:56:54 -0200] "GET /assets/img/backgrounds/1.jpg HTTP/1.1" 404 143
0:0:0:0:0:0:0:1 - - [30/Oct/2017:19:57:44 -0200] "GET / HTTP/1.1" 200 5876
0:0:0:0:0:0:0:1 - - [30/Oct/2017:19:57:44 -0200] "GET /assets/img/backgrounds/1.jpg HTTP/1.1" 404 143
0:0:0:0:0:0:0:1 - - [30/Oct/2017:19:57:44 -0200] "GET /assets/img/backgrounds/3.jpg HTTP/1.1" 404 143
0:0:0:0:0:0:0:1 - - [30/Oct/2017:19:57:44 -0200] "GET /img/logo.png HTTP/1.1" 404 127
0:0:0:0:0:0:0:1 - - [30/Oct/2017:19:57:44 -0200] "GET /assets/img/backgrounds/2.jpg HTTP/1.1" 404 143
